<?xml version="1.0" encoding="UTF-8"?>
<!-- Generated by org.testng.reporters.JUnitXMLReporter -->
<testsuite ignored="0" hostname="KARTIK" failures="0" tests="4" name="Surefire test" time="22.152" errors="0" timestamp="2026-03-23T13:05:46 IST">
  <testcase classname="tests.LoginTest" name="loginTest" time="0.957"/>
  <testcase classname="tests.LoginTest" name="loginTest" time="1.018"/>
  <testcase classname="tests.LoginTest" name="loginTest" time="0.883"/>
  <testcase classname="tests.ProductTest" name="addToCartTest" time="2.286"/>
</testsuite> <!-- Surefire test -->
