<?xml version="1.0" encoding="UTF-8"?>
<!-- Generated by org.testng.reporters.JUnitXMLReporter -->
<testsuite ignored="0" hostname="KARTIK" failures="1" tests="6" name="Surefire test" time="37.922" errors="0" timestamp="2026-03-23T17:43:46 IST">
  <testcase classname="tests.LoginTest" name="loginTest" time="0.995"/>
  <testcase classname="tests.LoginTest" name="loginTest" time="0.875"/>
  <testcase classname="tests.LoginTest" name="loginTest" time="0.802"/>
  <testcase classname="tests.ProductTest" name="addToCartTest" time="0.798">
    <skipped/>
  </testcase> <!-- addToCartTest -->
  <testcase classname="tests.ProductTest" name="addToCartTest" time="0.633">
    <skipped/>
  </testcase> <!-- addToCartTest -->
  <testcase classname="tests.ProductTest" name="addToCartTest" time="3.008">
    <failure type="java.lang.AssertionError" message="expected [true] but found [false]">
      <![CDATA[java.lang.AssertionError: expected [true] but found [false]
at tests.ProductTest.addToCartTest(ProductTest.java:25)
at java.base/java.util.ArrayList.forEach(ArrayList.java:1511)
... Removed 36 stack frames]]>
    </failure>
  </testcase> <!-- addToCartTest -->
</testsuite> <!-- Surefire test -->
