<?xml version="1.0" encoding="UTF-8"?>
<testng-results ignored="0" total="1" passed="1" failed="0" skipped="0">
  <reporter-output>
  </reporter-output>
  <suite started-at="2026-03-18T23:57:31 IST" name="Default suite" finished-at="2026-03-18T23:57:38 IST" duration-ms="7468">
    <groups>
    </groups>
    <test started-at="2026-03-18T23:57:31 IST" name="Default test" finished-at="2026-03-18T23:57:38 IST" duration-ms="7468">
      <class name="tests.LoginTest">
        <test-method is-config="true" signature="setup()[pri:0, instance:tests.LoginTest@54e22bdd]" started-at="2026-03-18T23:57:31 IST" name="setup" finished-at="2026-03-18T23:57:36 IST" duration-ms="5545" status="PASS">
          <reporter-output>
          </reporter-output>
        </test-method> <!-- setup -->
        <test-method signature="validLoginTest()[pri:0, instance:tests.LoginTest@54e22bdd]" started-at="2026-03-18T23:57:36 IST" name="validLoginTest" finished-at="2026-03-18T23:57:37 IST" duration-ms="1065" status="PASS">
          <reporter-output>
          </reporter-output>
        </test-method> <!-- validLoginTest -->
        <test-method is-config="true" signature="tearDown(org.testng.ITestResult)[pri:0, instance:tests.LoginTest@54e22bdd]" started-at="2026-03-18T23:57:37 IST" name="tearDown" finished-at="2026-03-18T23:57:38 IST" duration-ms="762" status="PASS">
          <params>
            <param index="0">
              <value>
                <![CDATA[[TestResult name=validLoginTest status=SUCCESS method=LoginTest.validLoginTest()[pri:0, instance:tests.LoginTest@54e22bdd] output={null}]]]>
              </value>
            </param>
          </params>
          <reporter-output>
          </reporter-output>
        </test-method> <!-- tearDown -->
      </class> <!-- tests.LoginTest -->
    </test> <!-- Default test -->
  </suite> <!-- Default suite -->
</testng-results>
