<?xml version="1.0" encoding="UTF-8"?>
<!-- Generated by org.testng.reporters.JUnitReportReporter -->
<testsuite hostname="KARTIK" failures="0" tests="3" name="tests.LoginTest" time="19.024" errors="0" timestamp="2026-03-19T06:39:07 IST" skipped="0">
  <testcase classname="tests.LoginTest" name="loginTest" time="8.448"/>
  <testcase classname="tests.LoginTest" name="loginTest" time="5.301"/>
  <testcase classname="tests.LoginTest" name="loginTest" time="5.275"/>
</testsuite> <!-- tests.LoginTest -->
