<?xml version="1.0" encoding="UTF-8"?>
<!-- Generated by org.testng.reporters.JUnitReportReporter -->
<testsuite hostname="KARTIK" failures="0" tests="2" name="tests.ProductTest" time="22.621" errors="0" timestamp="2026-03-23T13:03:43 IST" skipped="1">
  <testcase classname="tests.ProductTest" name="addToCartTest" time="13.310"/>
  <testcase classname="tests.ProductTest" name="addToCartTest" time="9.311">
    <skipped/>
  </testcase> <!-- addToCartTest -->
</testsuite> <!-- tests.ProductTest -->
