<?xml version="1.0" encoding="UTF-8"?>
<!-- Generated by org.testng.reporters.JUnitReportReporter -->
<testsuite hostname="KARTIK" failures="0" tests="3" name="tests.LoginTest" time="17.686" errors="0" timestamp="2026-03-26T17:38:17 IST" skipped="0">
  <testcase classname="tests.LoginTest" name="loginTest" time="4.745"/>
  <testcase classname="tests.LoginTest" name="loginTest" time="9.144"/>
  <testcase classname="tests.LoginTest" name="loginTest" time="3.797"/>
</testsuite> <!-- tests.LoginTest -->
