<?xml version="1.0" encoding="UTF-8"?>
<!-- Generated by org.testng.reporters.JUnitReportReporter -->
<testsuite hostname="KARTIK" failures="0" tests="3" name="tests.LoginTest" time="13.482" errors="0" timestamp="2026-03-23T13:05:46 IST" skipped="0">
  <testcase classname="tests.LoginTest" name="loginTest" time="5.568"/>
  <testcase classname="tests.LoginTest" name="loginTest" time="3.904"/>
  <testcase classname="tests.LoginTest" name="loginTest" time="4.010"/>
</testsuite> <!-- tests.LoginTest -->
